0 2.143200E+001 0.000000E+000 0.000000E+000 0.000000E+000 0.000000E+000 0.000000E+000
1 2.120400E+001 5.000000E+000 0.000000E+000 0.000000E+000 0.000000E+000 0.000000E+000
2 2.182800E+001 9.000000E+000 0.000000E+000 0.000000E+000 0.000000E+000 0.000000E+000
3 2.104800E+001 9.000000E+000 0.000000E+000 0.000000E+000 0.000000E+000 0.000000E+000
4 2.134800E+001 5.000000E+000 0.000000E+000 0.000000E+000 0.000000E+000 0.000000E+000
5 2.138400E+001 9.000000E+000 0.000000E+000 0.000000E+000 0.000000E+000 0.000000E+000
6 2.148000E+001 9.000000E+000 0.000000E+000 0.000000E+000 0.000000E+000 0.000000E+000
7 2.144400E+001 5.000000E+000 0.000000E+000 0.000000E+000 0.000000E+000 0.000000E+000
8 2.114400E+001 4.000000E+000 0.000000E+000 0.000000E+000 0.000000E+000 0.000000E+000
9 2.110800E+001 1.300000E+001 0.000000E+000 0.000000E+000 0.000000E+000 0.000000E+000
10 2.156400E+001 9.000000E+000 0.000000E+000 0.000000E+000 0.000000E+000 0.000000E+000
11 2.084400E+001 9.000000E+000 0.000000E+000 0.000000E+000 0.000000E+000 0.000000E+000
12 2.084400E+001 4.000000E+000 0.000000E+000 0.000000E+000 0.000000E+000 0.000000E+000
13 2.095200E+001 1.400000E+001 0.000000E+000 0.000000E+000 0.000000E+000 0.000000E+000
14 2.085600E+001 9.000000E+000 0.000000E+000 0.000000E+000 0.000000E+000 0.000000E+000
15 2.091600E+001 4.000000E+000 0.000000E+000 0.000000E+000 0.000000E+000 0.000000E+000
16 2.091600E+001 9.000000E+000 0.000000E+000 0.000000E+000 0.000000E+000 0.000000E+000
17 2.086800E+001 9.000000E+000 0.000000E+000 0.000000E+000 0.000000E+000 0.000000E+000
18 2.079600E+001 9.000000E+000 0.000000E+000 0.000000E+000 0.000000E+000 0.000000E+000
19 2.079600E+001 5.000000E+000 0.000000E+000 0.000000E+000 0.000000E+000 0.000000E+000
20 2.086800E+001 9.000000E+000 0.000000E+000 0.000000E+000 0.000000E+000 0.000000E+000
21 2.096400E+001 9.000000E+000 0.000000E+000 0.000000E+000 0.000000E+000 0.000000E+000
22 2.084400E+001 4.000000E+000 0.000000E+000 0.000000E+000 0.000000E+000 0.000000E+000
23 2.082000E+001 5.000000E+000 0.000000E+000 0.000000E+000 0.000000E+000 0.000000E+000
24 2.094000E+001 9.000000E+000 0.000000E+000 0.000000E+000 0.000000E+000 0.000000E+000
25 2.090400E+001 9.000000E+000 0.000000E+000 0.000000E+000 0.000000E+000 0.000000E+000
26 2.166000E+001 4.000000E+000 0.000000E+000 0.000000E+000 0.000000E+000 0.000000E+000
27 2.410800E+001 9.000000E+000 0.000000E+000 0.000000E+000 0.000000E+000 0.000000E+000
28 3.780000E+001 4.000000E+000 0.000000E+000 0.000000E+000 0.000000E+000 0.000000E+000
29 4.048800E+001 5.000000E+000 0.000000E+000 0.000000E+000 0.000000E+000 0.000000E+000
30 3.800400E+001 4.000000E+000 0.000000E+000 0.000000E+000 0.000000E+000 0.000000E+000
31 4.371600E+001 1.300000E+001 0.000000E+000 0.000000E+000 0.000000E+000 0.000000E+000
32 4.472400E+001 4.000000E+000 0.000000E+000 0.000000E+000 0.000000E+000 0.000000E+000
33 4.443600E+001 4.200000E+001 0.000000E+000 0.000000E+000 0.000000E+000 0.000000E+000
34 4.347600E+001 7.200000E+001 1.000000E+002 0.000000E+000 0.000000E+000 0.000000E+000
35 4.314000E+001 9.500000E+001 1.000000E+002 0.000000E+000 0.000000E+000 0.000000E+000
36 4.399200E+001 1.900000E+001 9.000000E+001 0.000000E+000 0.000000E+000 0.000000E+000
37 4.491600E+001 1.000000E+002 0.000000E+000 0.000000E+000 0.000000E+000 0.000000E+000
38 4.338000E+001 1.000000E+002 0.000000E+000 0.000000E+000 0.000000E+000 0.000000E+000
39 4.330800E+001 1.000000E+002 0.000000E+000 0.000000E+000 0.000000E+000 0.000000E+000
40 4.381200E+001 1.000000E+002 0.000000E+000 0.000000E+000 0.000000E+000 0.000000E+000
41 4.070400E+001 1.000000E+002 0.000000E+000 0.000000E+000 0.000000E+000 0.000000E+000
42 3.958800E+001 1.000000E+002 0.000000E+000 0.000000E+000 0.000000E+000 0.000000E+000
43 3.981600E+001 1.000000E+002 0.000000E+000 0.000000E+000 0.000000E+000 0.000000E+000
44 4.024800E+001 1.000000E+002 0.000000E+000 0.000000E+000 0.000000E+000 0.000000E+000
45 5.325600E+001 1.000000E+002 0.000000E+000 0.000000E+000 0.000000E+000 0.000000E+000
46 5.529600E+001 1.000000E+002 0.000000E+000 0.000000E+000 0.000000E+000 0.000000E+000
47 5.680800E+001 1.000000E+002 0.000000E+000 0.000000E+000 0.000000E+000 0.000000E+000
48 4.846800E+001 1.000000E+002 0.000000E+000 0.000000E+000 0.000000E+000 0.000000E+000
49 5.554800E+001 1.000000E+002 0.000000E+000 0.000000E+000 0.000000E+000 0.000000E+000
50 4.849200E+001 1.000000E+002 0.000000E+000 0.000000E+000 0.000000E+000 7.000000E+000
51 4.063200E+001 3.000000E+001 0.000000E+000 0.000000E+000 0.000000E+000 8.500000E+001
52 4.639200E+001 0.000000E+000 0.000000E+000 0.000000E+000 0.000000E+000 7.600000E+001
53 4.546800E+001 1.800000E+001 0.000000E+000 0.000000E+000 0.000000E+000 7.800000E+001
54 5.169600E+001 8.900000E+001 0.000000E+000 0.000000E+000 0.000000E+000 9.900000E+001
55 5.109600E+001 1.000000E+001 0.000000E+000 0.000000E+000 0.000000E+000 7.700000E+001
56 5.180400E+001 1.300000E+001 0.000000E+000 0.000000E+000 0.000000E+000 8.900000E+001
57 3.582000E+001 9.000000E+000 0.000000E+000 0.000000E+000 0.000000E+000 9.900000E+001
58 3.493200E+001 5.700000E+001 0.000000E+000 0.000000E+000 0.000000E+000 0.000000E+000
59 3.505200E+001 2.500000E+001 0.000000E+000 0.000000E+000 0.000000E+000 9.200000E+001
60 3.480000E+001 1.300000E+001 0.000000E+000 0.000000E+000 0.000000E+000 7.700000E+001
61 3.474000E+001 1.300000E+001 0.000000E+000 0.000000E+000 0.000000E+000 9.600000E+001
62 5.503200E+001 4.700000E+001 0.000000E+000 0.000000E+000 0.000000E+000 0.000000E+000
63 5.055600E+001 3.600000E+001 0.000000E+000 0.000000E+000 0.000000E+000 8.900000E+001
64 5.371200E+001 9.000000E+000 0.000000E+000 0.000000E+000 0.000000E+000 8.900000E+001
65 4.694400E+001 1.400000E+001 0.000000E+000 0.000000E+000 0.000000E+000 8.900000E+001
66 4.143600E+001 4.000000E+000 0.000000E+000 0.000000E+000 0.000000E+000 8.900000E+001
67 4.144800E+001 9.000000E+000 0.000000E+000 0.000000E+000 0.000000E+000 9.000000E+001
68 4.208400E+001 1.000000E+001 0.000000E+000 0.000000E+000 0.000000E+000 7.900000E+001
69 4.458000E+001 7.700000E+001 0.000000E+000 0.000000E+000 0.000000E+000 9.900000E+001
70 6.219600E+001 9.000000E+000 0.000000E+000 0.000000E+000 0.000000E+000 8.700000E+001
71 6.585600E+001 5.000000E+000 0.000000E+000 0.000000E+000 0.000000E+000 8.900000E+001
72 4.888800E+001 9.000000E+000 0.000000E+000 0.000000E+000 0.000000E+000 8.900000E+001
73 4.286400E+001 1.300000E+001 0.000000E+000 0.000000E+000 0.000000E+000 3.000000E+001
74 5.908800E+001 7.600000E+001 0.000000E+000 0.000000E+000 0.000000E+000 9.900000E+001
75 7.068000E+001 9.000000E+000 0.000000E+000 0.000000E+000 0.000000E+000 9.500000E+001
76 5.062800E+001 1.400000E+001 0.000000E+000 0.000000E+000 0.000000E+000 7.300000E+001
77 4.545600E+001 3.600000E+001 0.000000E+000 0.000000E+000 0.000000E+000 0.000000E+000
78 5.230800E+001 5.500000E+001 0.000000E+000 0.000000E+000 0.000000E+000 9.000000E+001
79 6.824400E+001 9.000000E+000 0.000000E+000 0.000000E+000 0.000000E+000 9.900000E+001
80 5.706000E+001 5.000000E+000 0.000000E+000 0.000000E+000 0.000000E+000 7.700000E+001
81 4.836000E+001 3.500000E+001 0.000000E+000 0.000000E+000 0.000000E+000 2.000000E+000
82 4.682400E+001 5.700000E+001 0.000000E+000 0.000000E+000 0.000000E+000 9.900000E+001
83 4.970400E+001 5.000000E+000 0.000000E+000 0.000000E+000 0.000000E+000 9.700000E+001
84 5.536800E+001 5.000000E+000 0.000000E+000 0.000000E+000 0.000000E+000 7.700000E+001
85 6.960000E+001 1.500000E+001 0.000000E+000 0.000000E+000 0.000000E+000 2.100000E+001
86 4.826400E+001 7.500000E+001 0.000000E+000 0.000000E+000 0.000000E+000 9.000000E+001
87 4.551600E+001 9.000000E+000 0.000000E+000 0.000000E+000 0.000000E+000 8.900000E+001
88 6.285600E+001 9.000000E+000 0.000000E+000 0.000000E+000 0.000000E+000 9.300000E+001
89 7.071600E+001 5.000000E+000 0.000000E+000 0.000000E+000 0.000000E+000 9.000000E+001
90 6.340800E+001 7.700000E+001 0.000000E+000 0.000000E+000 0.000000E+000 0.000000E+000
91 5.920800E+001 5.000000E+000 0.000000E+000 0.000000E+000 0.000000E+000 9.900000E+001
92 6.130800E+001 1.400000E+001 0.000000E+000 0.000000E+000 0.000000E+000 9.400000E+001
93 5.028000E+001 9.000000E+000 0.000000E+000 0.000000E+000 0.000000E+000 7.800000E+001
94 5.950800E+001 1.300000E+001 0.000000E+000 0.000000E+000 0.000000E+000 8.600000E+001
95 5.658000E+001 1.300000E+001 0.000000E+000 0.000000E+000 0.000000E+000 9.900000E+001
96 5.913600E+001 4.500000E+001 0.000000E+000 0.000000E+000 0.000000E+000 0.000000E+000
97 6.225600E+001 4.000000E+001 0.000000E+000 0.000000E+000 0.000000E+000 9.700000E+001
98 6.200400E+001 1.400000E+001 0.000000E+000 0.000000E+000 0.000000E+000 8.400000E+001
99 5.650800E+001 9.000000E+000 0.000000E+000 0.000000E+000 0.000000E+000 9.700000E+001
100 4.695600E+001 9.000000E+000 0.000000E+000 0.000000E+000 0.000000E+000 8.200000E+001
101 6.091200E+001 9.000000E+000 0.000000E+000 0.000000E+000 0.000000E+000 9.900000E+001
102 6.740400E+001 3.100000E+001 0.000000E+000 0.000000E+000 0.000000E+000 1.700000E+001
103 6.102000E+001 7.000000E+001 0.000000E+000 0.000000E+000 0.000000E+000 9.900000E+001
104 5.301600E+001 9.000000E+000 0.000000E+000 0.000000E+000 0.000000E+000 9.900000E+001
105 6.262800E+001 9.000000E+000 0.000000E+000 0.000000E+000 0.000000E+000 7.900000E+001
106 5.377200E+001 1.400000E+001 0.000000E+000 0.000000E+000 0.000000E+000 8.900000E+001
107 4.556400E+001 1.300000E+001 0.000000E+000 0.000000E+000 0.000000E+000 9.500000E+001
108 5.565600E+001 1.400000E+001 0.000000E+000 0.000000E+000 0.000000E+000 8.200000E+001
109 6.584400E+001 8.000000E+001 0.000000E+000 0.000000E+000 0.000000E+000 6.000000E+001
110 6.444000E+001 0.000000E+000 0.000000E+000 0.000000E+000 0.000000E+000 9.900000E+001
111 6.583200E+001 1.300000E+001 0.000000E+000 0.000000E+000 0.000000E+000 9.400000E+001
112 5.116800E+001 1.000000E+001 0.000000E+000 0.000000E+000 0.000000E+000 7.800000E+001
113 4.732800E+001 1.300000E+001 0.000000E+000 0.000000E+000 0.000000E+000 9.900000E+001
114 6.099600E+001 9.000000E+000 0.000000E+000 0.000000E+000 0.000000E+000 7.900000E+001
115 4.827600E+001 5.400000E+001 0.000000E+000 0.000000E+000 0.000000E+000 0.000000E+000
116 6.390000E+001 4.000000E+001 0.000000E+000 0.000000E+000 0.000000E+000 9.900000E+001
117 5.456400E+001 1.400000E+001 0.000000E+000 0.000000E+000 0.000000E+000 8.900000E+001
118 6.225600E+001 9.000000E+000 0.000000E+000 0.000000E+000 0.000000E+000 9.700000E+001
119 5.226000E+001 1.300000E+001 0.000000E+000 0.000000E+000 0.000000E+000 8.400000E+001
120 4.344000E+001 9.000000E+000 0.000000E+000 0.000000E+000 0.000000E+000 9.700000E+001
121 4.101600E+001 9.000000E+000 0.000000E+000 0.000000E+000 0.000000E+000 8.200000E+001
122 4.009200E+001 8.000000E+001 0.000000E+000 0.000000E+000 0.000000E+000 0.000000E+000
123 3.934800E+001 1.500000E+001 0.000000E+000 0.000000E+000 0.000000E+000 8.700000E+001
124 4.387200E+001 9.000000E+000 0.000000E+000 0.000000E+000 0.000000E+000 8.500000E+001
125 6.356400E+001 1.300000E+001 0.000000E+000 0.000000E+000 0.000000E+000 8.800000E+001
126 6.958800E+001 5.000000E+000 0.000000E+000 0.000000E+000 0.000000E+000 9.900000E+001
127 6.530400E+001 1.000000E+001 0.000000E+000 0.000000E+000 0.000000E+000 9.400000E+001
128 5.564400E+001 5.000000E+000 0.000000E+000 0.000000E+000 0.000000E+000 7.800000E+001
129 4.980000E+001 1.300000E+001 0.000000E+000 0.000000E+000 0.000000E+000 8.200000E+001
130 6.349200E+001 5.200000E+001 0.000000E+000 0.000000E+000 0.000000E+000 0.000000E+000
131 5.445600E+001 4.000000E+001 0.000000E+000 0.000000E+000 0.000000E+000 9.700000E+001
132 4.934400E+001 9.000000E+000 0.000000E+000 0.000000E+000 0.000000E+000 8.400000E+001
133 5.953200E+001 1.300000E+001 0.000000E+000 0.000000E+000 0.000000E+000 8.800000E+001
134 6.104400E+001 9.000000E+000 0.000000E+000 0.000000E+000 0.000000E+000 9.700000E+001
135 5.470800E+001 1.000000E+001 0.000000E+000 0.000000E+000 0.000000E+000 8.400000E+001
136 5.083200E+001 9.000000E+000 0.000000E+000 0.000000E+000 0.000000E+000 9.900000E+001
137 5.589600E+001 8.000000E+001 0.000000E+000 0.000000E+000 0.000000E+000 9.900000E+001
138 6.187200E+001 5.000000E+000 0.000000E+000 0.000000E+000 0.000000E+000 9.700000E+001
139 6.142800E+001 9.000000E+000 0.000000E+000 0.000000E+000 0.000000E+000 8.400000E+001
140 6.591600E+001 9.000000E+000 0.000000E+000 0.000000E+000 0.000000E+000 9.900000E+001
141 6.253200E+001 1.300000E+001 0.000000E+000 0.000000E+000 0.000000E+000 7.900000E+001
142 5.434800E+001 5.000000E+000 0.000000E+000 0.000000E+000 0.000000E+000 9.400000E+001
143 3.468000E+001 6.600000E+001 0.000000E+000 0.000000E+000 0.000000E+000 0.000000E+000
144 3.033600E+001 7.000000E+001 0.000000E+000 0.000000E+000 0.000000E+000 0.000000E+000
145 2.514000E+001 2.500000E+001 0.000000E+000 0.000000E+000 0.000000E+000 0.000000E+000
146 2.516400E+001 4.000000E+000 0.000000E+000 0.000000E+000 0.000000E+000 0.000000E+000
147 2.296800E+001 9.000000E+000 0.000000E+000 0.000000E+000 0.000000E+000 0.000000E+000
148 2.157600E+001 9.000000E+000 0.000000E+000 0.000000E+000 0.000000E+000 0.000000E+000
149 2.138400E+001 5.000000E+000 0.000000E+000 0.000000E+000 0.000000E+000 0.000000E+000
150 2.134800E+001 4.000000E+000 0.000000E+000 0.000000E+000 0.000000E+000 0.000000E+000
151 2.134800E+001 1.300000E+001 0.000000E+000 0.000000E+000 0.000000E+000 0.000000E+000
152 2.137200E+001 9.000000E+000 0.000000E+000 0.000000E+000 0.000000E+000 0.000000E+000
153 2.174400E+001 5.000000E+000 0.000000E+000 0.000000E+000 0.000000E+000 0.000000E+000
154 2.146800E+001 5.000000E+000 0.000000E+000 0.000000E+000 0.000000E+000 0.000000E+000
155 2.116800E+001 1.300000E+001 0.000000E+000 0.000000E+000 0.000000E+000 0.000000E+000
156 2.113200E+001 9.000000E+000 0.000000E+000 0.000000E+000 0.000000E+000 0.000000E+000
157 2.137200E+001 9.000000E+000 0.000000E+000 0.000000E+000 0.000000E+000 0.000000E+000
158 2.137200E+001 5.000000E+000 0.000000E+000 0.000000E+000 0.000000E+000 0.000000E+000
159 2.132400E+001 9.000000E+000 0.000000E+000 0.000000E+000 0.000000E+000 0.000000E+000
160 2.168400E+001 9.000000E+000 0.000000E+000 0.000000E+000 0.000000E+000 0.000000E+000
161 2.132400E+001 9.000000E+000 0.000000E+000 0.000000E+000 0.000000E+000 0.000000E+000
162 2.158800E+001 4.000000E+000 0.000000E+000 0.000000E+000 0.000000E+000 0.000000E+000
163 2.095200E+001 9.000000E+000 0.000000E+000 0.000000E+000 0.000000E+000 0.000000E+000
164 2.104800E+001 9.000000E+000 0.000000E+000 0.000000E+000 0.000000E+000 0.000000E+000
165 2.091600E+001 9.000000E+000 0.000000E+000 0.000000E+000 0.000000E+000 0.000000E+000
166 2.094000E+001 5.000000E+000 0.000000E+000 0.000000E+000 0.000000E+000 0.000000E+000
167 2.102400E+001 9.000000E+000 0.000000E+000 0.000000E+000 0.000000E+000 0.000000E+000
168 2.091600E+001 5.000000E+000 0.000000E+000 0.000000E+000 0.000000E+000 0.000000E+000
169 2.100000E+001 4.000000E+000 0.000000E+000 0.000000E+000 0.000000E+000 0.000000E+000
170 2.098800E+001 9.000000E+000 0.000000E+000 0.000000E+000 0.000000E+000 0.000000E+000
171 2.089200E+001 9.000000E+000 0.000000E+000 0.000000E+000 0.000000E+000 0.000000E+000
172 2.088000E+001 5.000000E+000 0.000000E+000 0.000000E+000 0.000000E+000 0.000000E+000
173 2.104800E+001 4.000000E+000 0.000000E+000 0.000000E+000 0.000000E+000 0.000000E+000
174 2.103600E+001 9.000000E+000 0.000000E+000 0.000000E+000 0.000000E+000 0.000000E+000
175 2.092800E+001 9.000000E+000 0.000000E+000 0.000000E+000 0.000000E+000 0.000000E+000
176 2.098800E+001 9.000000E+000 0.000000E+000 0.000000E+000 0.000000E+000 0.000000E+000
177 2.107200E+001 0.000000E+000 0.000000E+000 0.000000E+000 0.000000E+000 0.000000E+000
178 2.096400E+001 9.000000E+000 0.000000E+000 0.000000E+000 0.000000E+000 0.000000E+000
179 2.094000E+001 9.000000E+000 0.000000E+000 0.000000E+000 0.000000E+000 0.000000E+000
180 2.113200E+001 9.000000E+000 0.000000E+000 0.000000E+000 0.000000E+000 0.000000E+000
181 2.092800E+001 5.000000E+000 0.000000E+000 0.000000E+000 0.000000E+000 0.000000E+000
182 2.092800E+001 9.000000E+000 0.000000E+000 0.000000E+000 0.000000E+000 0.000000E+000
183 2.101200E+001 9.000000E+000 0.000000E+000 0.000000E+000 0.000000E+000 0.000000E+000
184 2.094000E+001 4.000000E+000 0.000000E+000 0.000000E+000 0.000000E+000 0.000000E+000
185 2.088000E+001 5.000000E+000 0.000000E+000 0.000000E+000 0.000000E+000 0.000000E+000
186 2.090400E+001 1.300000E+001 0.000000E+000 0.000000E+000 0.000000E+000 0.000000E+000
187 2.098800E+001 5.000000E+000 0.000000E+000 0.000000E+000 0.000000E+000 0.000000E+000
188 2.100000E+001 5.000000E+000 0.000000E+000 0.000000E+000 0.000000E+000 0.000000E+000
189 2.088000E+001 4.000000E+000 0.000000E+000 0.000000E+000 0.000000E+000 0.000000E+000
190 2.096400E+001 1.300000E+001 0.000000E+000 0.000000E+000 0.000000E+000 0.000000E+000
191 2.102400E+001 2.800000E+001 0.000000E+000 0.000000E+000 0.000000E+000 0.000000E+000
192 2.106000E+001 6.900000E+001 0.000000E+000 0.000000E+000 0.000000E+000 0.000000E+000
193 2.390400E+001 1.000000E+002 1.000000E+002 0.000000E+000 0.000000E+000 0.000000E+000
194 3.530400E+001 2.000000E+001 1.000000E+002 0.000000E+000 0.000000E+000 0.000000E+000
195 4.206000E+001 7.100000E+001 0.000000E+000 0.000000E+000 0.000000E+000 0.000000E+000
196 3.904800E+001 1.000000E+002 0.000000E+000 0.000000E+000 0.000000E+000 0.000000E+000
197 4.402800E+001 1.000000E+002 0.000000E+000 0.000000E+000 0.000000E+000 0.000000E+000
198 4.507200E+001 1.000000E+002 0.000000E+000 0.000000E+000 0.000000E+000 0.000000E+000
199 4.426800E+001 1.000000E+002 0.000000E+000 0.000000E+000 0.000000E+000 0.000000E+000
200 4.310400E+001 1.000000E+002 0.000000E+000 0.000000E+000 0.000000E+000 0.000000E+000
201 4.335600E+001 1.000000E+002 0.000000E+000 0.000000E+000 0.000000E+000 0.000000E+000
202 4.389600E+001 1.000000E+002 0.000000E+000 0.000000E+000 0.000000E+000 0.000000E+000
203 4.506000E+001 1.000000E+002 0.000000E+000 0.000000E+000 0.000000E+000 0.000000E+000
204 4.362000E+001 1.000000E+002 0.000000E+000 0.000000E+000 0.000000E+000 0.000000E+000
205 4.348800E+001 1.000000E+002 0.000000E+000 0.000000E+000 0.000000E+000 0.000000E+000
