+1.776E-1
+1.949E-1
+2.742E-1
+3.583E-1
+3.161E-1
+3.614E-1
+3.744E-1
+3.652E-1
+3.563E-1
+3.592E-1
+3.629E-1
+3.748E-1
+3.610E-1
+3.580E-1
+3.632E-1
+3.433E-1
+1.912E-1
+1.779E-1
+1.758E-1
+1.778E-1
+1.789E-1
+1.757E-1
+1.780E-1
+1.786E-1
+1.767E-1
+1.819E-1
+1.754E-1
+1.779E-1
+1.782E-1
+1.790E-1
+1.787E-1
+1.762E-1
+1.759E-1
+1.797E-1
+1.737E-1
+1.737E-1
+1.746E-1
+1.738E-1
+1.743E-1
+1.743E-1
+1.739E-1
+1.733E-1
+1.733E-1
+1.739E-1
+1.747E-1
+1.737E-1
+1.735E-1
+1.745E-1
+1.742E-1
+1.805E-1
+2.009E-1
+3.150E-1
+3.374E-1
+3.167E-1
+3.643E-1
+3.727E-1
+3.703E-1
+3.623E-1
+3.595E-1
+3.666E-1
+3.743E-1
+3.615E-1
+3.609E-1
+3.651E-1
+3.392E-1
+3.299E-1
+3.318E-1
+3.354E-1
+4.438E-1
+4.608E-1
+4.734E-1
+4.039E-1
+4.629E-1
+4.041E-1
+3.386E-1
+3.866E-1
+3.789E-1
+4.308E-1
+4.258E-1
+4.317E-1
+2.985E-1
+2.911E-1
+2.921E-1
+2.900E-1
+2.895E-1
+4.586E-1
+4.213E-1
+4.476E-1
+3.912E-1
+3.453E-1
+3.454E-1
+3.507E-1
+3.715E-1
+0.5183E+0
+0.5488E+0
+4.074E-1
+3.572E-1
+4.924E-1
+0.5890E+0
+4.219E-1
+3.788E-1
+4.359E-1
+0.5687E+0
+4.755E-1
+4.030E-1
+3.902E-1
+4.142E-1
+4.614E-1
+0.5800E+0
+4.022E-1
+3.793E-1
+0.5238E+0
+0.5893E+0
+0.5284E+0
+4.934E-1
+0.5109E+0
+4.190E-1
+4.959E-1
+4.715E-1
+4.928E-1
+0.5188E+0
+0.5167E+0
+4.709E-1
+3.913E-1
+0.5076E+0
+0.5617E+0
+0.5085E+0
+4.418E-1
+0.5219E+0
+4.481E-1
+3.797E-1
+4.638E-1
+0.5487E+0
+0.5370E+0
+0.5486E+0
+4.264E-1
+3.944E-1
+0.5083E+0
+4.023E-1
+0.5325E+0
+4.547E-1
+0.5188E+0
+4.355E-1
+3.620E-1
+3.418E-1
+3.341E-1
+3.279E-1
+3.656E-1
+0.5297E+0
+0.5799E+0
+0.5442E+0
+4.637E-1
+4.150E-1
+0.5291E+0
+4.538E-1
+4.112E-1
+4.961E-1
+0.5087E+0
+4.559E-1
+4.236E-1
+4.658E-1
+0.5156E+0
+0.5119E+0
+0.5493E+0
+0.5211E+0
+4.529E-1
+2.890E-1
+2.528E-1
+2.095E-1
+2.097E-1
+1.914E-1
+1.798E-1
+1.782E-1
+1.779E-1
+1.779E-1
+1.781E-1
+1.812E-1
+1.789E-1
+1.764E-1
+1.761E-1
+1.781E-1
+1.781E-1
+1.777E-1
+1.807E-1
+1.777E-1
+1.799E-1
+1.746E-1
+1.754E-1
+1.743E-1
+1.745E-1
+1.752E-1
+1.743E-1
+1.750E-1
+1.749E-1
+1.741E-1
+1.740E-1
+1.754E-1
+1.753E-1
+1.744E-1
+1.749E-1
+1.756E-1
+1.747E-1
+1.745E-1
+1.761E-1
+1.744E-1
+1.744E-1
+1.751E-1
+1.745E-1
+1.740E-1
+1.742E-1
+1.749E-1
+1.750E-1
+1.740E-1
+1.747E-1
+1.752E-1
+1.755E-1
+1.992E-1
+2.942E-1
+3.505E-1
+3.254E-1
+3.669E-1
+3.756E-1
+3.689E-1
+3.592E-1
+3.613E-1
+3.658E-1
+3.755E-1
+3.635E-1
+3.624E-1
+3.645E-1
