0 2.127600E+001 0.000000E+000 0.000000E+000 0.000000E+000 0.000000E+000 0.000000E+000
1 2.119200E+001 9.000000E+000 0.000000E+000 0.000000E+000 0.000000E+000 0.000000E+000
2 2.151600E+001 4.000000E+000 0.000000E+000 0.000000E+000 0.000000E+000 0.000000E+000
3 2.110800E+001 5.000000E+000 0.000000E+000 0.000000E+000 0.000000E+000 0.000000E+000
4 2.146800E+001 9.000000E+000 0.000000E+000 0.000000E+000 0.000000E+000 0.000000E+000
5 2.182800E+001 1.300000E+001 0.000000E+000 0.000000E+000 0.000000E+000 0.000000E+000
6 2.114400E+001 9.000000E+000 0.000000E+000 0.000000E+000 0.000000E+000 0.000000E+000
7 2.090400E+001 0.000000E+000 0.000000E+000 0.000000E+000 0.000000E+000 0.000000E+000
8 2.114400E+001 9.000000E+000 0.000000E+000 0.000000E+000 0.000000E+000 0.000000E+000
9 2.128800E+001 9.000000E+000 0.000000E+000 0.000000E+000 0.000000E+000 0.000000E+000
10 2.124000E+001 1.300000E+001 0.000000E+000 0.000000E+000 0.000000E+000 0.000000E+000
11 2.077200E+001 9.000000E+000 0.000000E+000 0.000000E+000 0.000000E+000 0.000000E+000
12 2.089200E+001 4.000000E+000 0.000000E+000 0.000000E+000 0.000000E+000 0.000000E+000
13 2.090400E+001 1.000000E+001 0.000000E+000 0.000000E+000 0.000000E+000 0.000000E+000
14 2.080800E+001 9.000000E+000 0.000000E+000 0.000000E+000 0.000000E+000 0.000000E+000
15 2.086800E+001 9.000000E+000 0.000000E+000 0.000000E+000 0.000000E+000 0.000000E+000
16 2.097600E+001 9.000000E+000 0.000000E+000 0.000000E+000 0.000000E+000 0.000000E+000
17 2.084400E+001 5.000000E+000 0.000000E+000 0.000000E+000 0.000000E+000 0.000000E+000
18 2.078400E+001 9.000000E+000 0.000000E+000 0.000000E+000 0.000000E+000 0.000000E+000
19 2.098800E+001 9.000000E+000 0.000000E+000 0.000000E+000 0.000000E+000 0.000000E+000
20 2.090400E+001 4.000000E+000 0.000000E+000 0.000000E+000 0.000000E+000 0.000000E+000
21 2.078400E+001 5.000000E+000 0.000000E+000 0.000000E+000 0.000000E+000 0.000000E+000
22 2.089200E+001 1.300000E+001 0.000000E+000 0.000000E+000 0.000000E+000 0.000000E+000
23 2.091600E+001 5.000000E+000 0.000000E+000 0.000000E+000 0.000000E+000 0.000000E+000
24 2.086800E+001 4.000000E+000 0.000000E+000 0.000000E+000 0.000000E+000 0.000000E+000
25 2.319600E+001 9.000000E+000 0.000000E+000 0.000000E+000 0.000000E+000 0.000000E+000
26 2.710800E+001 4.000000E+000 0.000000E+000 0.000000E+000 0.000000E+000 0.000000E+000
27 4.051200E+001 9.000000E+000 0.000000E+000 0.000000E+000 0.000000E+000 0.000000E+000
28 3.825600E+001 5.000000E+000 0.000000E+000 0.000000E+000 0.000000E+000 0.000000E+000
29 4.021200E+001 4.000000E+000 0.000000E+000 0.000000E+000 0.000000E+000 0.000000E+000
30 4.423200E+001 9.000000E+000 0.000000E+000 0.000000E+000 0.000000E+000 0.000000E+000
31 4.400400E+001 9.000000E+000 0.000000E+000 0.000000E+000 0.000000E+000 0.000000E+000
32 4.375200E+001 3.000000E+001 0.000000E+000 0.000000E+000 0.000000E+000 0.000000E+000
33 4.293600E+001 5.700000E+001 0.000000E+000 0.000000E+000 0.000000E+000 0.000000E+000
34 4.244400E+001 1.000000E+002 1.000000E+002 0.000000E+000 0.000000E+000 0.000000E+000
35 4.428000E+001 1.500000E+001 1.000000E+002 0.000000E+000 0.000000E+000 0.000000E+000
36 4.412400E+001 8.500000E+001 0.000000E+000 0.000000E+000 0.000000E+000 0.000000E+000
37 4.280400E+001 1.000000E+002 0.000000E+000 0.000000E+000 0.000000E+000 0.000000E+000
38 4.317600E+001 1.000000E+002 0.000000E+000 0.000000E+000 0.000000E+000 0.000000E+000
39 4.328400E+001 1.000000E+002 0.000000E+000 0.000000E+000 0.000000E+000 0.000000E+000
40 4.146000E+001 1.000000E+002 0.000000E+000 0.000000E+000 0.000000E+000 0.000000E+000
41 4.008000E+001 1.000000E+002 0.000000E+000 0.000000E+000 0.000000E+000 0.000000E+000
42 4.012800E+001 1.000000E+002 0.000000E+000 0.000000E+000 0.000000E+000 0.000000E+000
43 3.991200E+001 1.000000E+002 0.000000E+000 0.000000E+000 0.000000E+000 0.000000E+000
44 4.020000E+001 1.000000E+002 0.000000E+000 0.000000E+000 0.000000E+000 0.000000E+000
45 3.999600E+001 1.000000E+002 0.000000E+000 0.000000E+000 0.000000E+000 0.000000E+000
46 4.006800E+001 1.000000E+002 0.000000E+000 0.000000E+000 0.000000E+000 0.000000E+000
47 4.015200E+001 1.000000E+002 0.000000E+000 0.000000E+000 0.000000E+000 0.000000E+000
48 3.998400E+001 1.000000E+002 0.000000E+000 0.000000E+000 0.000000E+000 0.000000E+000
49 4.021200E+001 1.000000E+002 0.000000E+000 0.000000E+000 0.000000E+000 0.000000E+000
50 3.991200E+001 1.000000E+002 0.000000E+000 0.000000E+000 0.000000E+000 0.000000E+000
51 4.015200E+001 1.000000E+002 0.000000E+000 0.000000E+000 0.000000E+000 0.000000E+000
52 4.006800E+001 1.000000E+002 0.000000E+000 0.000000E+000 0.000000E+000 0.000000E+000
53 4.004400E+001 1.000000E+002 0.000000E+000 0.000000E+000 0.000000E+000 0.000000E+000
54 4.020000E+001 1.000000E+002 0.000000E+000 0.000000E+000 0.000000E+000 0.000000E+000
55 3.988800E+001 1.000000E+002 0.000000E+000 0.000000E+000 0.000000E+000 0.000000E+000
56 4.018800E+001 1.000000E+002 0.000000E+000 0.000000E+000 0.000000E+000 0.000000E+000
57 4.003200E+001 1.000000E+002 0.000000E+000 0.000000E+000 0.000000E+000 0.000000E+000
58 4.002000E+001 1.000000E+002 0.000000E+000 0.000000E+000 0.000000E+000 0.000000E+000
59 4.018800E+001 1.000000E+002 0.000000E+000 0.000000E+000 0.000000E+000 0.000000E+000
60 3.988800E+001 1.000000E+002 0.000000E+000 0.000000E+000 0.000000E+000 0.000000E+000
61 4.017600E+001 1.000000E+002 0.000000E+000 0.000000E+000 0.000000E+000 0.000000E+000
62 4.005600E+001 1.000000E+002 0.000000E+000 0.000000E+000 0.000000E+000 0.000000E+000
63 4.006800E+001 1.000000E+002 0.000000E+000 0.000000E+000 0.000000E+000 0.000000E+000
64 4.022400E+001 1.000000E+002 0.000000E+000 0.000000E+000 0.000000E+000 0.000000E+000
65 3.993600E+001 1.000000E+002 0.000000E+000 0.000000E+000 0.000000E+000 0.000000E+000
66 4.024800E+001 1.000000E+002 0.000000E+000 0.000000E+000 0.000000E+000 0.000000E+000
67 4.008000E+001 1.000000E+002 0.000000E+000 0.000000E+000 0.000000E+000 0.000000E+000
68 4.009200E+001 1.000000E+002 0.000000E+000 0.000000E+000 0.000000E+000 0.000000E+000
69 4.009200E+001 1.000000E+002 0.000000E+000 0.000000E+000 0.000000E+000 0.000000E+000
70 2.876400E+001 1.000000E+002 0.000000E+000 0.000000E+000 0.000000E+000 0.000000E+000
71 2.575200E+001 1.000000E+002 0.000000E+000 0.000000E+000 0.000000E+000 0.000000E+000
72 2.572800E+001 1.000000E+002 0.000000E+000 0.000000E+000 0.000000E+000 0.000000E+000
73 2.581200E+001 1.000000E+002 0.000000E+000 0.000000E+000 0.000000E+000 0.000000E+000
74 2.583600E+001 1.000000E+002 0.000000E+000 0.000000E+000 0.000000E+000 0.000000E+000
75 2.578800E+001 1.000000E+002 0.000000E+000 0.000000E+000 0.000000E+000 0.000000E+000
76 2.566800E+001 1.000000E+002 0.000000E+000 0.000000E+000 0.000000E+000 0.000000E+000
77 2.568000E+001 1.000000E+002 0.000000E+000 0.000000E+000 0.000000E+000 0.000000E+000
78 2.570400E+001 1.000000E+002 0.000000E+000 0.000000E+000 0.000000E+000 0.000000E+000
79 2.576400E+001 1.000000E+002 0.000000E+000 0.000000E+000 0.000000E+000 0.000000E+000
80 2.584800E+001 1.000000E+002 0.000000E+000 0.000000E+000 0.000000E+000 0.000000E+000
81 2.578800E+001 1.000000E+002 0.000000E+000 0.000000E+000 0.000000E+000 0.000000E+000
82 2.578800E+001 1.000000E+002 0.000000E+000 0.000000E+000 0.000000E+000 0.000000E+000
83 2.577600E+001 1.000000E+002 0.000000E+000 0.000000E+000 0.000000E+000 0.000000E+000
84 2.570400E+001 1.000000E+002 0.000000E+000 0.000000E+000 0.000000E+000 0.000000E+000
85 2.568000E+001 1.000000E+002 0.000000E+000 0.000000E+000 0.000000E+000 0.000000E+000
86 2.574000E+001 1.000000E+002 0.000000E+000 0.000000E+000 0.000000E+000 0.000000E+000
87 3.735600E+001 1.000000E+002 0.000000E+000 0.000000E+000 0.000000E+000 0.000000E+000
88 3.766800E+001 1.000000E+002 0.000000E+000 0.000000E+000 0.000000E+000 0.000000E+000
89 3.769200E+001 1.000000E+002 0.000000E+000 0.000000E+000 0.000000E+000 0.000000E+000
90 3.769200E+001 1.000000E+002 0.000000E+000 0.000000E+000 0.000000E+000 0.000000E+000
91 3.769200E+001 1.000000E+002 0.000000E+000 0.000000E+000 0.000000E+000 0.000000E+000
92 3.769200E+001 1.000000E+002 0.000000E+000 0.000000E+000 0.000000E+000 0.000000E+000
93 3.769200E+001 1.000000E+002 0.000000E+000 0.000000E+000 0.000000E+000 0.000000E+000
94 3.769200E+001 1.000000E+002 0.000000E+000 0.000000E+000 0.000000E+000 0.000000E+000
95 3.766800E+001 1.000000E+002 0.000000E+000 0.000000E+000 0.000000E+000 0.000000E+000
96 5.154000E+001 1.000000E+002 0.000000E+000 0.000000E+000 0.000000E+000 0.000000E+000
97 5.907600E+001 1.000000E+002 0.000000E+000 0.000000E+000 0.000000E+000 0.000000E+000
98 5.522400E+001 1.000000E+002 0.000000E+000 0.000000E+000 0.000000E+000 0.000000E+000
99 5.823600E+001 1.000000E+002 0.000000E+000 0.000000E+000 0.000000E+000 0.000000E+000
100 5.898000E+001 1.000000E+002 0.000000E+000 0.000000E+000 0.000000E+000 0.000000E+000
101 5.900400E+001 1.000000E+002 0.000000E+000 0.000000E+000 0.000000E+000 0.000000E+000
102 5.896800E+001 1.000000E+002 0.000000E+000 0.000000E+000 0.000000E+000 0.000000E+000
103 5.894400E+001 1.000000E+002 0.000000E+000 0.000000E+000 0.000000E+000 0.000000E+000
104 5.887200E+001 1.000000E+002 0.000000E+000 0.000000E+000 0.000000E+000 0.000000E+000
105 5.881200E+001 1.000000E+002 0.000000E+000 0.000000E+000 0.000000E+000 0.000000E+000
106 5.761200E+001 1.000000E+002 0.000000E+000 0.000000E+000 0.000000E+000 0.000000E+000
107 5.680800E+001 1.000000E+002 0.000000E+000 0.000000E+000 0.000000E+000 0.000000E+000
108 5.864400E+001 1.000000E+002 0.000000E+000 0.000000E+000 0.000000E+000 0.000000E+000
109 5.889600E+001 1.000000E+002 0.000000E+000 0.000000E+000 0.000000E+000 0.000000E+000
110 5.894400E+001 1.000000E+002 0.000000E+000 0.000000E+000 0.000000E+000 0.000000E+000
111 5.901600E+001 1.000000E+002 0.000000E+000 0.000000E+000 0.000000E+000 0.000000E+000
112 5.905200E+001 1.000000E+002 0.000000E+000 0.000000E+000 0.000000E+000 0.000000E+000
113 5.910000E+001 1.000000E+002 0.000000E+000 0.000000E+000 0.000000E+000 0.000000E+000
114 5.920800E+001 1.000000E+002 0.000000E+000 0.000000E+000 0.000000E+000 0.000000E+000
115 5.935200E+001 1.000000E+002 0.000000E+000 0.000000E+000 0.000000E+000 0.000000E+000
116 5.564400E+001 1.000000E+002 0.000000E+000 0.000000E+000 0.000000E+000 0.000000E+000
117 5.907600E+001 1.000000E+002 0.000000E+000 0.000000E+000 0.000000E+000 0.000000E+000
118 5.910000E+001 1.000000E+002 0.000000E+000 0.000000E+000 0.000000E+000 0.000000E+000
119 5.904000E+001 1.000000E+002 0.000000E+000 0.000000E+000 0.000000E+000 0.000000E+000
120 5.905200E+001 1.000000E+002 0.000000E+000 0.000000E+000 0.000000E+000 0.000000E+000
121 5.899200E+001 1.000000E+002 0.000000E+000 0.000000E+000 0.000000E+000 0.000000E+000
122 5.894400E+001 1.000000E+002 0.000000E+000 0.000000E+000 0.000000E+000 0.000000E+000
123 5.887200E+001 1.000000E+002 0.000000E+000 0.000000E+000 0.000000E+000 0.000000E+000
124 5.878800E+001 1.000000E+002 0.000000E+000 0.000000E+000 0.000000E+000 0.000000E+000
125 5.804400E+001 1.000000E+002 0.000000E+000 0.000000E+000 0.000000E+000 0.000000E+000
126 5.760000E+001 1.000000E+002 0.000000E+000 0.000000E+000 0.000000E+000 0.000000E+000
127 5.875200E+001 1.000000E+002 0.000000E+000 0.000000E+000 0.000000E+000 0.000000E+000
128 5.881200E+001 1.000000E+002 0.000000E+000 0.000000E+000 0.000000E+000 0.000000E+000
129 5.884800E+001 1.000000E+002 0.000000E+000 0.000000E+000 0.000000E+000 0.000000E+000
130 5.888400E+001 1.000000E+002 0.000000E+000 0.000000E+000 0.000000E+000 0.000000E+000
131 5.901600E+001 1.000000E+002 0.000000E+000 0.000000E+000 0.000000E+000 0.000000E+000
132 5.907600E+001 1.000000E+002 0.000000E+000 0.000000E+000 0.000000E+000 0.000000E+000
133 5.910000E+001 1.000000E+002 0.000000E+000 0.000000E+000 0.000000E+000 0.000000E+000
134 5.796000E+001 1.000000E+002 0.000000E+000 0.000000E+000 0.000000E+000 0.000000E+000
135 5.686800E+001 1.000000E+002 0.000000E+000 0.000000E+000 0.000000E+000 0.000000E+000
136 5.923200E+001 1.000000E+002 0.000000E+000 0.000000E+000 0.000000E+000 0.000000E+000
137 5.924400E+001 1.000000E+002 0.000000E+000 0.000000E+000 0.000000E+000 0.000000E+000
138 5.919600E+001 1.000000E+002 0.000000E+000 0.000000E+000 0.000000E+000 0.000000E+000
139 5.916000E+001 1.000000E+002 0.000000E+000 0.000000E+000 0.000000E+000 0.000000E+000
140 5.794800E+001 1.000000E+002 0.000000E+000 0.000000E+000 0.000000E+000 0.000000E+000
141 5.907600E+001 1.000000E+002 0.000000E+000 0.000000E+000 0.000000E+000 0.000000E+000
142 5.901600E+001 1.000000E+002 0.000000E+000 0.000000E+000 0.000000E+000 0.000000E+000
143 5.893200E+001 1.000000E+002 0.000000E+000 0.000000E+000 0.000000E+000 0.000000E+000
144 5.649600E+001 1.000000E+002 0.000000E+000 0.000000E+000 0.000000E+000 0.000000E+000
145 5.788800E+001 1.000000E+002 0.000000E+000 0.000000E+000 0.000000E+000 0.000000E+000
146 5.790000E+001 1.000000E+002 0.000000E+000 0.000000E+000 0.000000E+000 0.000000E+000
147 5.794800E+001 1.000000E+002 0.000000E+000 0.000000E+000 0.000000E+000 0.000000E+000
148 5.803200E+001 1.000000E+002 0.000000E+000 0.000000E+000 0.000000E+000 0.000000E+000
149 5.810400E+001 1.000000E+002 0.000000E+000 0.000000E+000 0.000000E+000 0.000000E+000
150 5.817600E+001 1.000000E+002 0.000000E+000 0.000000E+000 0.000000E+000 0.000000E+000
151 5.818800E+001 1.000000E+002 0.000000E+000 0.000000E+000 0.000000E+000 0.000000E+000
152 5.486400E+001 1.000000E+002 0.000000E+000 0.000000E+000 0.000000E+000 0.000000E+000
153 5.798400E+001 1.000000E+002 0.000000E+000 0.000000E+000 0.000000E+000 0.000000E+000
154 5.799600E+001 1.000000E+002 0.000000E+000 0.000000E+000 0.000000E+000 0.000000E+000
155 5.798400E+001 1.000000E+002 0.000000E+000 0.000000E+000 0.000000E+000 0.000000E+000
156 5.793600E+001 1.000000E+002 0.000000E+000 0.000000E+000 0.000000E+000 0.000000E+000
157 5.791200E+001 1.000000E+002 0.000000E+000 0.000000E+000 0.000000E+000 0.000000E+000
158 5.784000E+001 1.000000E+002 0.000000E+000 0.000000E+000 0.000000E+000 0.000000E+000
159 5.779200E+001 1.000000E+002 0.000000E+000 0.000000E+000 0.000000E+000 0.000000E+000
160 5.700000E+001 1.000000E+002 0.000000E+000 0.000000E+000 0.000000E+000 0.000000E+000
161 5.403600E+001 1.000000E+002 0.000000E+000 0.000000E+000 0.000000E+000 0.000000E+000
162 5.794800E+001 1.000000E+002 0.000000E+000 0.000000E+000 0.000000E+000 0.000000E+000
163 5.781600E+001 1.000000E+002 0.000000E+000 0.000000E+000 0.000000E+000 0.000000E+000
164 5.774400E+001 1.000000E+002 0.000000E+000 0.000000E+000 0.000000E+000 0.000000E+000
165 5.784000E+001 1.000000E+002 0.000000E+000 0.000000E+000 0.000000E+000 0.000000E+000
166 5.788800E+001 1.000000E+002 0.000000E+000 0.000000E+000 0.000000E+000 0.000000E+000
167 5.796000E+001 1.000000E+002 0.000000E+000 0.000000E+000 0.000000E+000 0.000000E+000
168 5.802000E+001 1.000000E+002 0.000000E+000 0.000000E+000 0.000000E+000 0.000000E+000
169 5.712000E+001 1.000000E+002 0.000000E+000 0.000000E+000 0.000000E+000 0.000000E+000
170 5.582400E+001 1.000000E+002 0.000000E+000 0.000000E+000 0.000000E+000 0.000000E+000
171 5.824800E+001 1.000000E+002 0.000000E+000 0.000000E+000 0.000000E+000 0.000000E+000
172 5.824800E+001 1.000000E+002 0.000000E+000 0.000000E+000 0.000000E+000 0.000000E+000
173 5.824800E+001 1.000000E+002 0.000000E+000 0.000000E+000 0.000000E+000 0.000000E+000
174 5.817600E+001 1.000000E+002 0.000000E+000 0.000000E+000 0.000000E+000 0.000000E+000
175 5.817600E+001 1.000000E+002 0.000000E+000 0.000000E+000 0.000000E+000 0.000000E+000
176 5.811600E+001 1.000000E+002 0.000000E+000 0.000000E+000 0.000000E+000 0.000000E+000
177 5.803200E+001 1.000000E+002 0.000000E+000 0.000000E+000 0.000000E+000 0.000000E+000
178 5.709600E+001 1.000000E+002 0.000000E+000 0.000000E+000 0.000000E+000 0.000000E+000
179 5.491200E+001 1.000000E+002 0.000000E+000 0.000000E+000 0.000000E+000 0.000000E+000
180 5.784000E+001 1.000000E+002 0.000000E+000 0.000000E+000 0.000000E+000 0.000000E+000
181 5.787600E+001 1.000000E+002 0.000000E+000 0.000000E+000 0.000000E+000 0.000000E+000
182 5.788800E+001 1.000000E+002 0.000000E+000 0.000000E+000 0.000000E+000 0.000000E+000
183 5.796000E+001 1.000000E+002 0.000000E+000 0.000000E+000 0.000000E+000 0.000000E+000
184 5.802000E+001 1.000000E+002 0.000000E+000 0.000000E+000 0.000000E+000 0.000000E+000
185 5.806800E+001 1.000000E+002 0.000000E+000 0.000000E+000 0.000000E+000 0.000000E+000
186 5.812800E+001 1.000000E+002 0.000000E+000 0.000000E+000 0.000000E+000 0.000000E+000
187 5.629200E+001 1.000000E+002 0.000000E+000 0.000000E+000 0.000000E+000 0.000000E+000
188 5.563200E+001 1.000000E+002 0.000000E+000 0.000000E+000 0.000000E+000 0.000000E+000
189 5.820000E+001 1.000000E+002 0.000000E+000 0.000000E+000 0.000000E+000 0.000000E+000
190 5.822400E+001 1.000000E+002 0.000000E+000 0.000000E+000 0.000000E+000 0.000000E+000
191 5.818800E+001 1.000000E+002 0.000000E+000 0.000000E+000 0.000000E+000 0.000000E+000
192 5.820000E+001 1.000000E+002 0.000000E+000 0.000000E+000 0.000000E+000 0.000000E+000
193 5.814000E+001 1.000000E+002 0.000000E+000 0.000000E+000 0.000000E+000 0.000000E+000
194 5.808000E+001 1.000000E+002 0.000000E+000 0.000000E+000 0.000000E+000 0.000000E+000
195 5.808000E+001 1.000000E+002 0.000000E+000 0.000000E+000 0.000000E+000 0.000000E+000
196 5.647200E+001 1.000000E+002 0.000000E+000 0.000000E+000 0.000000E+000 0.000000E+000
197 5.634000E+001 1.000000E+002 0.000000E+000 0.000000E+000 0.000000E+000 0.000000E+000
198 5.786400E+001 1.000000E+002 0.000000E+000 0.000000E+000 0.000000E+000 0.000000E+000
199 5.785200E+001 1.000000E+002 0.000000E+000 0.000000E+000 0.000000E+000 0.000000E+000
200 5.788800E+001 1.000000E+002 0.000000E+000 0.000000E+000 0.000000E+000 0.000000E+000
201 5.791200E+001 1.000000E+002 0.000000E+000 0.000000E+000 0.000000E+000 0.000000E+000
202 5.798400E+001 1.000000E+002 0.000000E+000 0.000000E+000 0.000000E+000 0.000000E+000
203 5.806800E+001 1.000000E+002 0.000000E+000 0.000000E+000 0.000000E+000 0.000000E+000
204 5.809200E+001 1.000000E+002 0.000000E+000 0.000000E+000 0.000000E+000 0.000000E+000
205 5.610000E+001 1.000000E+002 0.000000E+000 0.000000E+000 0.000000E+000 0.000000E+000
206 5.575200E+001 1.000000E+002 0.000000E+000 0.000000E+000 0.000000E+000 0.000000E+000
207 5.815200E+001 1.000000E+002 0.000000E+000 0.000000E+000 0.000000E+000 0.000000E+000
208 5.818800E+001 1.000000E+002 0.000000E+000 0.000000E+000 0.000000E+000 0.000000E+000
209 5.814000E+001 1.000000E+002 0.000000E+000 0.000000E+000 0.000000E+000 0.000000E+000
210 5.811600E+001 1.000000E+002 0.000000E+000 0.000000E+000 0.000000E+000 0.000000E+000
211 5.808000E+001 1.000000E+002 0.000000E+000 0.000000E+000 0.000000E+000 0.000000E+000
212 5.805600E+001 1.000000E+002 0.000000E+000 0.000000E+000 0.000000E+000 0.000000E+000
213 5.798400E+001 1.000000E+002 0.000000E+000 0.000000E+000 0.000000E+000 0.000000E+000
214 5.558400E+001 1.000000E+002 0.000000E+000 0.000000E+000 0.000000E+000 0.000000E+000
215 5.679600E+001 1.000000E+002 0.000000E+000 0.000000E+000 0.000000E+000 0.000000E+000
216 5.799600E+001 1.000000E+002 0.000000E+000 0.000000E+000 0.000000E+000 0.000000E+000
217 5.797200E+001 1.000000E+002 0.000000E+000 0.000000E+000 0.000000E+000 0.000000E+000
218 5.799600E+001 1.000000E+002 0.000000E+000 0.000000E+000 0.000000E+000 0.000000E+000
219 5.806800E+001 1.000000E+002 0.000000E+000 0.000000E+000 0.000000E+000 0.000000E+000
220 5.814000E+001 1.000000E+002 0.000000E+000 0.000000E+000 0.000000E+000 0.000000E+000
221 5.820000E+001 1.000000E+002 0.000000E+000 0.000000E+000 0.000000E+000 0.000000E+000
222 5.824800E+001 1.000000E+002 0.000000E+000 0.000000E+000 0.000000E+000 0.000000E+000
223 5.832000E+001 1.000000E+002 0.000000E+000 0.000000E+000 0.000000E+000 0.000000E+000
224 5.865600E+001 1.000000E+002 0.000000E+000 0.000000E+000 0.000000E+000 0.000000E+000
225 5.869200E+001 1.000000E+002 0.000000E+000 0.000000E+000 0.000000E+000 0.000000E+000
226 5.871600E+001 1.000000E+002 0.000000E+000 0.000000E+000 0.000000E+000 0.000000E+000
227 5.866800E+001 1.000000E+002 0.000000E+000 0.000000E+000 0.000000E+000 0.000000E+000
228 5.862000E+001 1.000000E+002 0.000000E+000 0.000000E+000 0.000000E+000 0.000000E+000
229 5.858400E+001 1.000000E+002 0.000000E+000 0.000000E+000 0.000000E+000 0.000000E+000
230 5.854800E+001 1.000000E+002 0.000000E+000 0.000000E+000 0.000000E+000 0.000000E+000
231 5.100000E+001 1.000000E+002 0.000000E+000 0.000000E+000 0.000000E+000 0.000000E+000
232 5.830800E+001 1.000000E+002 0.000000E+000 0.000000E+000 0.000000E+000 0.000000E+000
233 5.826000E+001 1.000000E+002 0.000000E+000 0.000000E+000 0.000000E+000 0.000000E+000
234 5.826000E+001 1.000000E+002 0.000000E+000 0.000000E+000 0.000000E+000 0.000000E+000
235 5.823600E+001 1.000000E+002 0.000000E+000 0.000000E+000 0.000000E+000 0.000000E+000
236 5.829600E+001 1.000000E+002 0.000000E+000 0.000000E+000 0.000000E+000 0.000000E+000
237 5.836800E+001 1.000000E+002 0.000000E+000 0.000000E+000 0.000000E+000 0.000000E+000
238 5.842800E+001 1.000000E+002 0.000000E+000 0.000000E+000 0.000000E+000 0.000000E+000
239 5.593200E+001 1.000000E+002 0.000000E+000 0.000000E+000 0.000000E+000 0.000000E+000
240 5.451600E+001 1.000000E+002 0.000000E+000 0.000000E+000 0.000000E+000 0.000000E+000
241 5.856000E+001 1.000000E+002 0.000000E+000 0.000000E+000 0.000000E+000 0.000000E+000
242 5.859600E+001 1.000000E+002 0.000000E+000 0.000000E+000 0.000000E+000 0.000000E+000
243 5.862000E+001 1.000000E+002 0.000000E+000 0.000000E+000 0.000000E+000 0.000000E+000
244 5.859600E+001 1.000000E+002 0.000000E+000 0.000000E+000 0.000000E+000 0.000000E+000
245 5.854800E+001 1.000000E+002 0.000000E+000 0.000000E+000 0.000000E+000 0.000000E+000
246 5.851200E+001 1.000000E+002 0.000000E+000 0.000000E+000 0.000000E+000 0.000000E+000
247 5.848800E+001 1.000000E+002 0.000000E+000 0.000000E+000 0.000000E+000 0.000000E+000
248 5.264400E+001 1.000000E+002 0.000000E+000 0.000000E+000 0.000000E+000 0.000000E+000
249 5.659200E+001 1.000000E+002 0.000000E+000 0.000000E+000 0.000000E+000 0.000000E+000
250 5.830800E+001 1.000000E+002 0.000000E+000 0.000000E+000 0.000000E+000 0.000000E+000
251 5.826000E+001 1.000000E+002 0.000000E+000 0.000000E+000 0.000000E+000 0.000000E+000
252 5.826000E+001 1.000000E+002 0.000000E+000 0.000000E+000 0.000000E+000 0.000000E+000
253 5.829600E+001 1.000000E+002 0.000000E+000 0.000000E+000 0.000000E+000 0.000000E+000
254 5.828400E+001 1.000000E+002 0.000000E+000 0.000000E+000 0.000000E+000 0.000000E+000
255 5.839200E+001 1.000000E+002 0.000000E+000 0.000000E+000 0.000000E+000 0.000000E+000
256 5.786400E+001 1.000000E+002 0.000000E+000 0.000000E+000 0.000000E+000 0.000000E+000
257 5.245200E+001 1.000000E+002 0.000000E+000 0.000000E+000 0.000000E+000 0.000000E+000
258 5.850000E+001 1.000000E+002 0.000000E+000 0.000000E+000 0.000000E+000 0.000000E+000
259 5.851200E+001 1.000000E+002 0.000000E+000 0.000000E+000 0.000000E+000 0.000000E+000
260 5.854800E+001 1.000000E+002 0.000000E+000 0.000000E+000 0.000000E+000 0.000000E+000
261 5.857200E+001 1.000000E+002 0.000000E+000 0.000000E+000 0.000000E+000 0.000000E+000
262 5.856000E+001 1.000000E+002 0.000000E+000 0.000000E+000 0.000000E+000 0.000000E+000
263 5.854800E+001 1.000000E+002 0.000000E+000 0.000000E+000 0.000000E+000 0.000000E+000
264 5.851200E+001 1.000000E+002 0.000000E+000 0.000000E+000 0.000000E+000 0.000000E+000
265 5.462400E+001 1.000000E+002 0.000000E+000 0.000000E+000 0.000000E+000 0.000000E+000
266 5.493600E+001 1.000000E+002 0.000000E+000 0.000000E+000 0.000000E+000 0.000000E+000
267 5.838000E+001 1.000000E+002 0.000000E+000 0.000000E+000 0.000000E+000 0.000000E+000
268 5.834400E+001 1.000000E+002 0.000000E+000 0.000000E+000 0.000000E+000 0.000000E+000
269 5.829600E+001 1.000000E+002 0.000000E+000 0.000000E+000 0.000000E+000 0.000000E+000
270 5.828400E+001 1.000000E+002 0.000000E+000 0.000000E+000 0.000000E+000 0.000000E+000
271 5.827200E+001 1.000000E+002 0.000000E+000 0.000000E+000 0.000000E+000 0.000000E+000
272 5.828400E+001 1.000000E+002 0.000000E+000 0.000000E+000 0.000000E+000 0.000000E+000
273 5.834400E+001 1.000000E+002 0.000000E+000 0.000000E+000 0.000000E+000 0.000000E+000
274 5.174400E+001 1.000000E+002 0.000000E+000 0.000000E+000 0.000000E+000 0.000000E+000
275 5.842800E+001 1.000000E+002 0.000000E+000 0.000000E+000 0.000000E+000 0.000000E+000
276 5.845200E+001 1.000000E+002 0.000000E+000 0.000000E+000 0.000000E+000 0.000000E+000
277 5.850000E+001 1.000000E+002 0.000000E+000 0.000000E+000 0.000000E+000 0.000000E+000
278 5.854800E+001 1.000000E+002 0.000000E+000 0.000000E+000 0.000000E+000 0.000000E+000
279 5.857200E+001 1.000000E+002 0.000000E+000 0.000000E+000 0.000000E+000 0.000000E+000
280 5.857200E+001 1.000000E+002 0.000000E+000 0.000000E+000 0.000000E+000 0.000000E+000
281 5.856000E+001 1.000000E+002 0.000000E+000 0.000000E+000 0.000000E+000 0.000000E+000
282 5.658000E+001 1.000000E+002 0.000000E+000 0.000000E+000 0.000000E+000 0.000000E+000
283 5.302800E+001 1.000000E+002 0.000000E+000 0.000000E+000 0.000000E+000 0.000000E+000
284 5.841600E+001 1.000000E+002 0.000000E+000 0.000000E+000 0.000000E+000 0.000000E+000
285 5.835600E+001 1.000000E+002 0.000000E+000 0.000000E+000 0.000000E+000 0.000000E+000
286 5.828400E+001 1.000000E+002 0.000000E+000 0.000000E+000 0.000000E+000 0.000000E+000
287 5.827200E+001 1.000000E+002 0.000000E+000 0.000000E+000 0.000000E+000 0.000000E+000
288 5.822400E+001 1.000000E+002 0.000000E+000 0.000000E+000 0.000000E+000 0.000000E+000
289 5.816400E+001 1.000000E+002 0.000000E+000 0.000000E+000 0.000000E+000 0.000000E+000
290 5.828400E+001 1.000000E+002 0.000000E+000 0.000000E+000 0.000000E+000 0.000000E+000
291 5.371200E+001 1.000000E+002 0.000000E+000 0.000000E+000 0.000000E+000 0.000000E+000
292 5.636400E+001 1.000000E+002 0.000000E+000 0.000000E+000 0.000000E+000 0.000000E+000
293 5.846400E+001 1.000000E+002 0.000000E+000 0.000000E+000 0.000000E+000 0.000000E+000
294 5.845200E+001 1.000000E+002 0.000000E+000 0.000000E+000 0.000000E+000 0.000000E+000
295 5.848800E+001 1.000000E+002 0.000000E+000 0.000000E+000 0.000000E+000 0.000000E+000
296 5.851200E+001 1.000000E+002 0.000000E+000 0.000000E+000 0.000000E+000 0.000000E+000
297 5.853600E+001 1.000000E+002 0.000000E+000 0.000000E+000 0.000000E+000 0.000000E+000
298 5.853600E+001 1.000000E+002 0.000000E+000 0.000000E+000 0.000000E+000 0.000000E+000
299 5.846400E+001 1.000000E+002 0.000000E+000 0.000000E+000 0.000000E+000 0.000000E+000
300 5.616000E+001 1.000000E+002 0.000000E+000 0.000000E+000 0.000000E+000 0.000000E+000
301 5.630400E+001 1.000000E+002 0.000000E+000 0.000000E+000 0.000000E+000 0.000000E+000
302 5.626800E+001 1.000000E+002 0.000000E+000 0.000000E+000 0.000000E+000 0.000000E+000
303 5.622000E+001 1.000000E+002 0.000000E+000 0.000000E+000 0.000000E+000 0.000000E+000
304 5.617200E+001 1.000000E+002 0.000000E+000 0.000000E+000 0.000000E+000 0.000000E+000
305 5.617200E+001 1.000000E+002 0.000000E+000 0.000000E+000 0.000000E+000 0.000000E+000
306 5.617200E+001 1.000000E+002 0.000000E+000 0.000000E+000 0.000000E+000 0.000000E+000
307 5.616000E+001 1.000000E+002 0.000000E+000 0.000000E+000 0.000000E+000 0.000000E+000
308 5.067600E+001 1.000000E+002 0.000000E+000 0.000000E+000 0.000000E+000 0.000000E+000
309 5.631600E+001 1.000000E+002 0.000000E+000 0.000000E+000 0.000000E+000 0.000000E+000
310 5.641200E+001 1.000000E+002 0.000000E+000 0.000000E+000 0.000000E+000 0.000000E+000
311 5.644800E+001 1.000000E+002 0.000000E+000 0.000000E+000 0.000000E+000 0.000000E+000
312 5.646000E+001 1.000000E+002 0.000000E+000 0.000000E+000 0.000000E+000 0.000000E+000
313 5.649600E+001 1.000000E+002 0.000000E+000 0.000000E+000 0.000000E+000 0.000000E+000
314 5.652000E+001 1.000000E+002 0.000000E+000 0.000000E+000 0.000000E+000 0.000000E+000
315 5.654400E+001 1.000000E+002 0.000000E+000 0.000000E+000 0.000000E+000 0.000000E+000
316 5.584800E+001 1.000000E+002 0.000000E+000 0.000000E+000 0.000000E+000 0.000000E+000
317 5.198400E+001 1.000000E+002 0.000000E+000 0.000000E+000 0.000000E+000 0.000000E+000
318 5.643600E+001 1.000000E+002 0.000000E+000 0.000000E+000 0.000000E+000 0.000000E+000
319 5.638800E+001 1.000000E+002 0.000000E+000 0.000000E+000 0.000000E+000 0.000000E+000
320 5.638800E+001 1.000000E+002 0.000000E+000 0.000000E+000 0.000000E+000 0.000000E+000
321 5.630400E+001 1.000000E+002 0.000000E+000 0.000000E+000 0.000000E+000 0.000000E+000
322 5.628000E+001 1.000000E+002 0.000000E+000 0.000000E+000 0.000000E+000 0.000000E+000
323 5.628000E+001 1.000000E+002 0.000000E+000 0.000000E+000 0.000000E+000 0.000000E+000
324 5.631600E+001 1.000000E+002 0.000000E+000 0.000000E+000 0.000000E+000 0.000000E+000
325 5.485200E+001 1.000000E+002 0.000000E+000 0.000000E+000 0.000000E+000 0.000000E+000
326 5.299200E+001 1.000000E+002 0.000000E+000 0.000000E+000 0.000000E+000 0.000000E+000
327 5.624400E+001 1.000000E+002 0.000000E+000 0.000000E+000 0.000000E+000 0.000000E+000
328 5.626800E+001 1.000000E+002 0.000000E+000 0.000000E+000 0.000000E+000 0.000000E+000
329 5.632800E+001 1.000000E+002 0.000000E+000 0.000000E+000 0.000000E+000 0.000000E+000
330 5.636400E+001 1.000000E+002 0.000000E+000 0.000000E+000 0.000000E+000 0.000000E+000
331 5.632800E+001 1.000000E+002 0.000000E+000 0.000000E+000 0.000000E+000 0.000000E+000
332 5.636400E+001 1.000000E+002 0.000000E+000 0.000000E+000 0.000000E+000 0.000000E+000
333 5.638800E+001 1.000000E+002 0.000000E+000 0.000000E+000 0.000000E+000 0.000000E+000
334 5.352000E+001 1.000000E+002 0.000000E+000 0.000000E+000 0.000000E+000 0.000000E+000
335 5.360400E+001 1.000000E+002 0.000000E+000 0.000000E+000 0.000000E+000 0.000000E+000
336 5.635200E+001 1.000000E+002 0.000000E+000 0.000000E+000 0.000000E+000 0.000000E+000
337 5.629200E+001 1.000000E+002 0.000000E+000 0.000000E+000 0.000000E+000 0.000000E+000
338 5.625600E+001 1.000000E+002 0.000000E+000 0.000000E+000 0.000000E+000 0.000000E+000
339 5.622000E+001 1.000000E+002 0.000000E+000 0.000000E+000 0.000000E+000 0.000000E+000
340 5.617200E+001 1.000000E+002 0.000000E+000 0.000000E+000 0.000000E+000 0.000000E+000
341 5.613600E+001 1.000000E+002 0.000000E+000 0.000000E+000 0.000000E+000 0.000000E+000
342 5.612400E+001 1.000000E+002 0.000000E+000 0.000000E+000 0.000000E+000 0.000000E+000
343 5.264400E+001 1.000000E+002 0.000000E+000 0.000000E+000 0.000000E+000 0.000000E+000
344 5.473200E+001 1.000000E+002 0.000000E+000 0.000000E+000 0.000000E+000 0.000000E+000
345 5.614800E+001 1.000000E+002 0.000000E+000 0.000000E+000 0.000000E+000 0.000000E+000
346 5.620800E+001 1.000000E+002 0.000000E+000 0.000000E+000 0.000000E+000 0.000000E+000
347 5.626800E+001 1.000000E+002 0.000000E+000 0.000000E+000 0.000000E+000 0.000000E+000
348 5.630400E+001 1.000000E+002 0.000000E+000 0.000000E+000 0.000000E+000 0.000000E+000
349 5.631600E+001 1.000000E+002 0.000000E+000 0.000000E+000 0.000000E+000 0.000000E+000
350 5.637600E+001 1.000000E+002 0.000000E+000 0.000000E+000 0.000000E+000 0.000000E+000
351 5.640000E+001 1.000000E+002 0.000000E+000 0.000000E+000 0.000000E+000 0.000000E+000
352 5.181600E+001 1.000000E+002 0.000000E+000 0.000000E+000 0.000000E+000 0.000000E+000
353 5.618400E+001 1.000000E+002 0.000000E+000 0.000000E+000 0.000000E+000 0.000000E+000
354 5.641200E+001 1.000000E+002 0.000000E+000 0.000000E+000 0.000000E+000 0.000000E+000
355 5.638800E+001 1.000000E+002 0.000000E+000 0.000000E+000 0.000000E+000 0.000000E+000
356 5.636400E+001 1.000000E+002 0.000000E+000 0.000000E+000 0.000000E+000 0.000000E+000
357 5.631600E+001 1.000000E+002 0.000000E+000 0.000000E+000 0.000000E+000 0.000000E+000
358 5.626800E+001 1.000000E+002 0.000000E+000 0.000000E+000 0.000000E+000 0.000000E+000
359 5.623200E+001 1.000000E+002 0.000000E+000 0.000000E+000 0.000000E+000 0.000000E+000
360 5.620800E+001 1.000000E+002 0.000000E+000 0.000000E+000 0.000000E+000 0.000000E+000
361 5.072400E+001 1.000000E+002 0.000000E+000 0.000000E+000 0.000000E+000 0.000000E+000
362 5.620800E+001 1.000000E+002 0.000000E+000 0.000000E+000 0.000000E+000 0.000000E+000
363 5.631600E+001 1.000000E+002 0.000000E+000 0.000000E+000 0.000000E+000 0.000000E+000
364 5.635200E+001 1.000000E+002 0.000000E+000 0.000000E+000 0.000000E+000 0.000000E+000
365 5.638800E+001 1.000000E+002 0.000000E+000 0.000000E+000 0.000000E+000 0.000000E+000
366 5.643600E+001 1.000000E+002 0.000000E+000 0.000000E+000 0.000000E+000 0.000000E+000
367 5.644800E+001 1.000000E+002 0.000000E+000 0.000000E+000 0.000000E+000 0.000000E+000
368 5.580000E+001 1.000000E+002 0.000000E+000 0.000000E+000 0.000000E+000 0.000000E+000
369 5.055600E+001 1.000000E+002 0.000000E+000 0.000000E+000 0.000000E+000 0.000000E+000
370 5.185200E+001 1.000000E+002 0.000000E+000 0.000000E+000 0.000000E+000 0.000000E+000
371 5.847600E+001 1.000000E+002 0.000000E+000 0.000000E+000 0.000000E+000 0.000000E+000
372 5.845200E+001 1.000000E+002 0.000000E+000 0.000000E+000 0.000000E+000 0.000000E+000
373 5.840400E+001 1.000000E+002 0.000000E+000 0.000000E+000 0.000000E+000 0.000000E+000
374 5.833200E+001 1.000000E+002 0.000000E+000 0.000000E+000 0.000000E+000 0.000000E+000
375 5.830800E+001 1.000000E+002 0.000000E+000 0.000000E+000 0.000000E+000 0.000000E+000
376 5.828400E+001 1.000000E+002 0.000000E+000 0.000000E+000 0.000000E+000 0.000000E+000
377 5.829600E+001 1.000000E+002 0.000000E+000 0.000000E+000 0.000000E+000 0.000000E+000
378 5.557200E+001 1.000000E+002 0.000000E+000 0.000000E+000 0.000000E+000 0.000000E+000
379 5.422800E+001 1.000000E+002 0.000000E+000 0.000000E+000 0.000000E+000 0.000000E+000
380 5.830800E+001 1.000000E+002 0.000000E+000 0.000000E+000 0.000000E+000 0.000000E+000
381 5.838000E+001 1.000000E+002 0.000000E+000 0.000000E+000 0.000000E+000 0.000000E+000
382 5.845200E+001 1.000000E+002 0.000000E+000 0.000000E+000 0.000000E+000 0.000000E+000
383 5.850000E+001 1.000000E+002 0.000000E+000 0.000000E+000 0.000000E+000 0.000000E+000
384 5.847600E+001 1.000000E+002 0.000000E+000 0.000000E+000 0.000000E+000 0.000000E+000
385 5.850000E+001 1.000000E+002 0.000000E+000 0.000000E+000 0.000000E+000 0.000000E+000
386 5.853600E+001 1.000000E+002 0.000000E+000 0.000000E+000 0.000000E+000 0.000000E+000
387 5.254800E+001 1.000000E+002 0.000000E+000 0.000000E+000 0.000000E+000 0.000000E+000
388 5.787600E+001 1.000000E+002 0.000000E+000 0.000000E+000 0.000000E+000 0.000000E+000
389 5.829600E+001 1.000000E+002 0.000000E+000 0.000000E+000 0.000000E+000 0.000000E+000
390 5.835600E+001 1.000000E+002 0.000000E+000 0.000000E+000 0.000000E+000 0.000000E+000
391 5.827200E+001 1.000000E+002 0.000000E+000 0.000000E+000 0.000000E+000 0.000000E+000
392 5.820000E+001 1.000000E+002 0.000000E+000 0.000000E+000 0.000000E+000 0.000000E+000
393 5.816400E+001 1.000000E+002 0.000000E+000 0.000000E+000 0.000000E+000 0.000000E+000
394 5.812800E+001 1.000000E+002 0.000000E+000 0.000000E+000 0.000000E+000 0.000000E+000
395 5.678400E+001 1.000000E+002 0.000000E+000 0.000000E+000 0.000000E+000 0.000000E+000
396 4.918800E+001 1.000000E+002 0.000000E+000 0.000000E+000 0.000000E+000 0.000000E+000
397 5.587200E+001 1.000000E+002 0.000000E+000 0.000000E+000 0.000000E+000 0.000000E+000
398 5.734800E+001 1.000000E+002 0.000000E+000 0.000000E+000 0.000000E+000 0.000000E+000
399 5.800800E+001 1.000000E+002 0.000000E+000 0.000000E+000 0.000000E+000 0.000000E+000
400 5.808000E+001 1.000000E+002 0.000000E+000 0.000000E+000 0.000000E+000 0.000000E+000
401 5.814000E+001 1.000000E+002 0.000000E+000 0.000000E+000 0.000000E+000 0.000000E+000
402 5.817600E+001 1.000000E+002 0.000000E+000 0.000000E+000 0.000000E+000 0.000000E+000
403 5.818800E+001 1.000000E+002 0.000000E+000 0.000000E+000 0.000000E+000 0.000000E+000
404 5.820000E+001 1.000000E+002 0.000000E+000 0.000000E+000 0.000000E+000 0.000000E+000
405 5.820000E+001 1.000000E+002 0.000000E+000 0.000000E+000 0.000000E+000 0.000000E+000
406 5.644800E+001 1.000000E+002 0.000000E+000 0.000000E+000 0.000000E+000 0.000000E+000
407 5.582400E+001 1.000000E+002 0.000000E+000 0.000000E+000 0.000000E+000 0.000000E+000
408 5.811600E+001 1.000000E+002 0.000000E+000 0.000000E+000 0.000000E+000 0.000000E+000
409 5.806800E+001 1.000000E+002 0.000000E+000 0.000000E+000 0.000000E+000 0.000000E+000
410 5.803200E+001 1.000000E+002 0.000000E+000 0.000000E+000 0.000000E+000 0.000000E+000
411 5.796000E+001 1.000000E+002 0.000000E+000 0.000000E+000 0.000000E+000 0.000000E+000
412 5.793600E+001 1.000000E+002 0.000000E+000 0.000000E+000 0.000000E+000 0.000000E+000
413 5.788800E+001 1.000000E+002 0.000000E+000 0.000000E+000 0.000000E+000 0.000000E+000
414 5.790000E+001 1.000000E+002 0.000000E+000 0.000000E+000 0.000000E+000 0.000000E+000
415 5.568000E+001 1.000000E+002 0.000000E+000 0.000000E+000 0.000000E+000 0.000000E+000
416 5.709600E+001 1.000000E+002 0.000000E+000 0.000000E+000 0.000000E+000 0.000000E+000
417 5.790000E+001 1.000000E+002 0.000000E+000 0.000000E+000 0.000000E+000 0.000000E+000
418 5.796000E+001 1.000000E+002 0.000000E+000 0.000000E+000 0.000000E+000 0.000000E+000
419 5.799600E+001 1.000000E+002 0.000000E+000 0.000000E+000 0.000000E+000 0.000000E+000
420 5.804400E+001 1.000000E+002 0.000000E+000 0.000000E+000 0.000000E+000 0.000000E+000
421 5.809200E+001 1.000000E+002 0.000000E+000 0.000000E+000 0.000000E+000 0.000000E+000
422 5.811600E+001 1.000000E+002 0.000000E+000 0.000000E+000 0.000000E+000 0.000000E+000
423 5.809200E+001 1.000000E+002 0.000000E+000 0.000000E+000 0.000000E+000 0.000000E+000
424 5.545200E+001 1.000000E+002 0.000000E+000 0.000000E+000 0.000000E+000 0.000000E+000
425 5.499600E+001 1.000000E+002 0.000000E+000 0.000000E+000 0.000000E+000 0.000000E+000
426 4.076400E+001 1.000000E+002 0.000000E+000 0.000000E+000 0.000000E+000 0.000000E+000
427 4.359600E+001 1.000000E+002 0.000000E+000 0.000000E+000 0.000000E+000 0.000000E+000
428 4.284000E+001 1.000000E+002 0.000000E+000 0.000000E+000 0.000000E+000 0.000000E+000
429 4.294800E+001 1.000000E+002 0.000000E+000 0.000000E+000 0.000000E+000 0.000000E+000
430 3.110400E+001 1.000000E+002 0.000000E+000 0.000000E+000 0.000000E+000 0.000000E+000
431 2.173200E+001 1.000000E+002 0.000000E+000 0.000000E+000 0.000000E+000 0.000000E+000
432 2.143200E+001 9.000000E+001 0.000000E+000 0.000000E+000 0.000000E+000 0.000000E+000
433 2.180400E+001 4.000000E+001 0.000000E+000 0.000000E+000 0.000000E+000 0.000000E+000
434 2.140800E+001 1.300000E+001 0.000000E+000 0.000000E+000 0.000000E+000 0.000000E+000
435 2.109600E+001 9.000000E+000 0.000000E+000 0.000000E+000 0.000000E+000 0.000000E+000
436 2.125200E+001 5.000000E+000 0.000000E+000 0.000000E+000 0.000000E+000 0.000000E+000
437 2.144400E+001 9.000000E+000 0.000000E+000 0.000000E+000 0.000000E+000 0.000000E+000
438 2.143200E+001 9.000000E+000 0.000000E+000 0.000000E+000 0.000000E+000 0.000000E+000
439 2.131200E+001 5.000000E+000 0.000000E+000 0.000000E+000 0.000000E+000 0.000000E+000
440 2.246400E+001 9.000000E+000 0.000000E+000 0.000000E+000 0.000000E+000 0.000000E+000
441 2.152800E+001 5.000000E+000 0.000000E+000 0.000000E+000 0.000000E+000 0.000000E+000
442 2.175600E+001 1.400000E+001 0.000000E+000 0.000000E+000 0.000000E+000 0.000000E+000
443 2.142000E+001 9.000000E+000 0.000000E+000 0.000000E+000 0.000000E+000 0.000000E+000
444 2.144400E+001 9.000000E+000 0.000000E+000 0.000000E+000 0.000000E+000 0.000000E+000
445 2.139600E+001 4.000000E+000 0.000000E+000 0.000000E+000 0.000000E+000 0.000000E+000
446 2.121600E+001 9.000000E+000 0.000000E+000 0.000000E+000 0.000000E+000 0.000000E+000
447 2.150400E+001 9.000000E+000 0.000000E+000 0.000000E+000 0.000000E+000 0.000000E+000
448 2.143200E+001 4.000000E+000 0.000000E+000 0.000000E+000 0.000000E+000 0.000000E+000
449 2.172000E+001 1.300000E+001 0.000000E+000 0.000000E+000 0.000000E+000 0.000000E+000
450 2.115600E+001 5.000000E+000 0.000000E+000 0.000000E+000 0.000000E+000 0.000000E+000
451 2.114400E+001 9.000000E+000 0.000000E+000 0.000000E+000 0.000000E+000 0.000000E+000
452 2.114400E+001 5.000000E+000 0.000000E+000 0.000000E+000 0.000000E+000 0.000000E+000
453 2.094000E+001 1.300000E+001 0.000000E+000 0.000000E+000 0.000000E+000 0.000000E+000
454 2.109600E+001 9.000000E+000 0.000000E+000 0.000000E+000 0.000000E+000 0.000000E+000
455 2.109600E+001 0.000000E+000 0.000000E+000 0.000000E+000 0.000000E+000 0.000000E+000
456 2.094000E+001 1.300000E+001 0.000000E+000 0.000000E+000 0.000000E+000 0.000000E+000
457 2.103600E+001 4.000000E+000 0.000000E+000 0.000000E+000 0.000000E+000 0.000000E+000
458 2.108400E+001 9.000000E+000 0.000000E+000 0.000000E+000 0.000000E+000 0.000000E+000
459 2.096400E+001 0.000000E+000 0.000000E+000 0.000000E+000 0.000000E+000 0.000000E+000
460 2.098800E+001 9.000000E+000 0.000000E+000 0.000000E+000 0.000000E+000 0.000000E+000
461 2.107200E+001 9.000000E+000 0.000000E+000 0.000000E+000 0.000000E+000 0.000000E+000
462 2.094000E+001 9.000000E+000 0.000000E+000 0.000000E+000 0.000000E+000 0.000000E+000
463 2.097600E+001 5.000000E+000 0.000000E+000 0.000000E+000 0.000000E+000 0.000000E+000
464 2.108400E+001 4.000000E+000 0.000000E+000 0.000000E+000 0.000000E+000 0.000000E+000
465 2.094000E+001 9.000000E+000 0.000000E+000 0.000000E+000 0.000000E+000 0.000000E+000
466 2.091600E+001 9.000000E+000 0.000000E+000 0.000000E+000 0.000000E+000 0.000000E+000
467 2.096400E+001 5.000000E+000 0.000000E+000 0.000000E+000 0.000000E+000 0.000000E+000
468 2.109600E+001 9.000000E+000 0.000000E+000 0.000000E+000 0.000000E+000 0.000000E+000
469 2.100000E+001 9.000000E+000 0.000000E+000 0.000000E+000 0.000000E+000 0.000000E+000
470 2.095200E+001 5.000000E+000 0.000000E+000 0.000000E+000 0.000000E+000 0.000000E+000
471 2.121600E+001 9.000000E+000 0.000000E+000 0.000000E+000 0.000000E+000 0.000000E+000
472 2.103600E+001 9.000000E+000 0.000000E+000 0.000000E+000 0.000000E+000 0.000000E+000
473 2.094000E+001 4.000000E+000 0.000000E+000 0.000000E+000 0.000000E+000 0.000000E+000
474 2.116800E+001 9.000000E+000 0.000000E+000 0.000000E+000 0.000000E+000 0.000000E+000
475 2.098800E+001 5.000000E+000 0.000000E+000 0.000000E+000 0.000000E+000 0.000000E+000
476 2.095200E+001 4.000000E+000 0.000000E+000 0.000000E+000 0.000000E+000 0.000000E+000
477 2.106000E+001 1.300000E+001 0.000000E+000 0.000000E+000 0.000000E+000 0.000000E+000
478 2.100000E+001 4.000000E+000 0.000000E+000 0.000000E+000 0.000000E+000 0.000000E+000
479 2.090400E+001 4.200000E+001 0.000000E+000 0.000000E+000 0.000000E+000 0.000000E+000
480 2.338800E+001 7.200000E+001 0.000000E+000 0.000000E+000 0.000000E+000 0.000000E+000
481 2.784000E+001 1.000000E+002 1.000000E+002 0.000000E+000 0.000000E+000 0.000000E+000
482 4.212000E+001 1.000000E+002 0.000000E+000 0.000000E+000 0.000000E+000 0.000000E+000
483 3.831600E+001 1.000000E+002 0.000000E+000 0.000000E+000 0.000000E+000 0.000000E+000
484 4.056000E+001 1.000000E+002 0.000000E+000 0.000000E+000 0.000000E+000 0.000000E+000
485 4.470000E+001 1.000000E+002 0.000000E+000 0.000000E+000 0.000000E+000 0.000000E+000
486 4.452000E+001 1.000000E+002 0.000000E+000 0.000000E+000 0.000000E+000 0.000000E+000
487 4.426800E+001 1.000000E+002 0.000000E+000 0.000000E+000 0.000000E+000 0.000000E+000
488 4.341600E+001 1.000000E+002 0.000000E+000 0.000000E+000 0.000000E+000 0.000000E+000
489 4.298400E+001 1.000000E+002 0.000000E+000 0.000000E+000 0.000000E+000 0.000000E+000
490 4.456800E+001 1.000000E+002 0.000000E+000 0.000000E+000 0.000000E+000 0.000000E+000
491 4.448400E+001 1.000000E+002 0.000000E+000 0.000000E+000 0.000000E+000 0.000000E+000
492 4.339200E+001 1.000000E+002 0.000000E+000 0.000000E+000 0.000000E+000 0.000000E+000
493 4.375200E+001 1.000000E+002 0.000000E+000 0.000000E+000 0.000000E+000 0.000000E+000
