+1.755E-1
+1.969E-1
+2.289E-1
+3.370E-1
+3.101E-1
+3.314E-1
+3.686E-1
+3.674E-1
+3.642E-1
+3.573E-1
+3.537E-1
+3.698E-1
+3.677E-1
+3.580E-1
+3.627E-1
+3.607E-1
+2.653E-1
+1.784E-1
+1.775E-1
+1.759E-1
+1.753E-1
+1.781E-1
+1.751E-1
+1.775E-1
+1.779E-1
+1.773E-1
+1.766E-1
+1.793E-1
+1.759E-1
+1.789E-1
+1.819E-1
+1.762E-1
+1.742E-1
+1.762E-1
+1.774E-1
+1.770E-1
+1.731E-1
+1.741E-1
+1.742E-1
+1.734E-1
+1.739E-1
+1.748E-1
+1.737E-1
+1.732E-1
+1.749E-1
+1.742E-1
+1.732E-1
+1.741E-1
+1.743E-1
+1.739E-1
+1.933E-1
+2.259E-1
+3.376E-1
+3.188E-1
+3.351E-1
+3.686E-1
+3.667E-1
+3.646E-1
+3.578E-1
+3.537E-1
+3.690E-1
+3.677E-1
+3.567E-1
+3.598E-1
+3.607E-1
+3.455E-1
+3.340E-1
+3.344E-1
+3.326E-1
+3.350E-1
+3.333E-1
+3.339E-1
+3.346E-1
+3.332E-1
+3.351E-1
+3.326E-1
+3.346E-1
+3.339E-1
+3.337E-1
+3.350E-1
+3.324E-1
+3.349E-1
+3.336E-1
+3.335E-1
+3.349E-1
+3.324E-1
+3.348E-1
+3.338E-1
+3.339E-1
+3.352E-1
+3.328E-1
+3.354E-1
+3.340E-1
+3.341E-1
+3.341E-1
+2.397E-1
+2.146E-1
+2.144E-1
+2.151E-1
+2.153E-1
+2.149E-1
+2.139E-1
+2.140E-1
+2.142E-1
+2.147E-1
+2.154E-1
+2.149E-1
+2.149E-1
+2.148E-1
+2.142E-1
+2.140E-1
+2.145E-1
+3.113E-1
+3.139E-1
+3.141E-1
+3.141E-1
+3.141E-1
+3.141E-1
+3.141E-1
+3.141E-1
+3.139E-1
+4.295E-1
+4.923E-1
+4.602E-1
+4.853E-1
+4.915E-1
+4.917E-1
+4.914E-1
+4.912E-1
+4.906E-1
+4.901E-1
+4.801E-1
+4.734E-1
+4.887E-1
+4.908E-1
+4.912E-1
+4.918E-1
+4.921E-1
+4.925E-1
+4.934E-1
+4.946E-1
+4.637E-1
+4.923E-1
+4.925E-1
+4.920E-1
+4.921E-1
+4.916E-1
+4.912E-1
+4.906E-1
+4.899E-1
+4.837E-1
+4.800E-1
+4.896E-1
+4.901E-1
+4.904E-1
+4.907E-1
+4.918E-1
+4.923E-1
+4.925E-1
+4.830E-1
+4.739E-1
+4.936E-1
+4.937E-1
+4.933E-1
+4.930E-1
+4.829E-1
+4.923E-1
+4.918E-1
+4.911E-1
+4.708E-1
+4.824E-1
+4.825E-1
+4.829E-1
+4.836E-1
+4.842E-1
+4.848E-1
+4.849E-1
+4.572E-1
+4.832E-1
+4.833E-1
+4.832E-1
+4.828E-1
+4.826E-1
+4.820E-1
+4.816E-1
+4.750E-1
+4.503E-1
+4.829E-1
+4.818E-1
+4.812E-1
+4.820E-1
+4.824E-1
+4.830E-1
+4.835E-1
+4.760E-1
+4.652E-1
+4.854E-1
+4.854E-1
+4.854E-1
+4.848E-1
+4.848E-1
+4.843E-1
+4.836E-1
+4.758E-1
+4.576E-1
+4.820E-1
+4.823E-1
+4.824E-1
+4.830E-1
+4.835E-1
+4.839E-1
+4.844E-1
+4.691E-1
+4.636E-1
+4.850E-1
+4.852E-1
+4.849E-1
+4.850E-1
+4.845E-1
+4.840E-1
+4.840E-1
+4.706E-1
+4.695E-1
+4.822E-1
+4.821E-1
+4.824E-1
+4.826E-1
+4.832E-1
+4.839E-1
+4.841E-1
+4.675E-1
+4.646E-1
+4.846E-1
+4.849E-1
+4.845E-1
+4.843E-1
+4.840E-1
+4.838E-1
+4.832E-1
+4.632E-1
+4.733E-1
+4.833E-1
+4.831E-1
+4.833E-1
+4.839E-1
+4.845E-1
+4.850E-1
+4.854E-1
+4.860E-1
+4.888E-1
+4.891E-1
+4.893E-1
+4.889E-1
+4.885E-1
+4.882E-1
+4.879E-1
+4.250E-1
+4.859E-1
+4.855E-1
+4.855E-1
+4.853E-1
+4.858E-1
+4.864E-1
+4.869E-1
+4.661E-1
+4.543E-1
+4.880E-1
+4.883E-1
+4.885E-1
+4.883E-1
+4.879E-1
+4.876E-1
+4.874E-1
+4.387E-1
+4.716E-1
+4.859E-1
+4.855E-1
+4.855E-1
+4.858E-1
+4.857E-1
+4.866E-1
+4.822E-1
+4.371E-1
+4.875E-1
+4.876E-1
+4.879E-1
+4.881E-1
+4.880E-1
+4.879E-1
+4.876E-1
+4.552E-1
+4.578E-1
+4.865E-1
+4.862E-1
+4.858E-1
+4.857E-1
+4.856E-1
+4.857E-1
+4.862E-1
+4.312E-1
+4.869E-1
+4.871E-1
+4.875E-1
+4.879E-1
+4.881E-1
+4.881E-1
+4.880E-1
+4.715E-1
+4.419E-1
+4.868E-1
+4.863E-1
+4.857E-1
+4.856E-1
+4.852E-1
+4.847E-1
+4.857E-1
+4.476E-1
+4.697E-1
+4.872E-1
+4.871E-1
+4.874E-1
+4.876E-1
+4.878E-1
+4.878E-1
+4.872E-1
+4.680E-1
+4.692E-1
+4.689E-1
+4.685E-1
+4.681E-1
+4.681E-1
+4.681E-1
+4.680E-1
+4.223E-1
+4.693E-1
+4.701E-1
+4.704E-1
+4.705E-1
+4.708E-1
+4.710E-1
+4.712E-1
+4.654E-1
+4.332E-1
+4.703E-1
+4.699E-1
+4.699E-1
+4.692E-1
+4.690E-1
+4.690E-1
+4.693E-1
+4.571E-1
+4.416E-1
+4.687E-1
+4.689E-1
+4.694E-1
+4.697E-1
+4.694E-1
+4.697E-1
+4.699E-1
+4.460E-1
+4.467E-1
+4.696E-1
+4.691E-1
+4.688E-1
+4.685E-1
+4.681E-1
+4.678E-1
+4.677E-1
+4.387E-1
+4.561E-1
+4.679E-1
+4.684E-1
+4.689E-1
+4.692E-1
+4.693E-1
+4.698E-1
+4.700E-1
+4.318E-1
+4.682E-1
+4.701E-1
+4.699E-1
+4.697E-1
+4.693E-1
+4.689E-1
+4.686E-1
+4.684E-1
+4.227E-1
+4.684E-1
+4.693E-1
+4.696E-1
+4.699E-1
+4.703E-1
+4.704E-1
+4.650E-1
+4.213E-1
+4.321E-1
+4.873E-1
+4.871E-1
+4.867E-1
+4.861E-1
+4.859E-1
+4.857E-1
+4.858E-1
+4.631E-1
+4.519E-1
+4.859E-1
+4.865E-1
+4.871E-1
+4.875E-1
+4.873E-1
+4.875E-1
+4.878E-1
+4.379E-1
+4.823E-1
+4.858E-1
+4.863E-1
+4.856E-1
+4.850E-1
+4.847E-1
+4.844E-1
+4.732E-1
+4.099E-1
+4.656E-1
+4.779E-1
+4.834E-1
+4.840E-1
+4.845E-1
+4.848E-1
+4.849E-1
+4.850E-1
+4.850E-1
+4.704E-1
+4.652E-1
+4.843E-1
+4.839E-1
+4.836E-1
+4.830E-1
+4.828E-1
+4.824E-1
+4.825E-1
+4.640E-1
+4.758E-1
+4.825E-1
+4.830E-1
+4.833E-1
+4.837E-1
+4.841E-1
+4.843E-1
+4.841E-1
+4.621E-1
+4.583E-1
+3.397E-1
+3.633E-1
+3.570E-1
+3.579E-1
+2.592E-1
+1.811E-1
+1.786E-1
+1.817E-1
+1.784E-1
+1.758E-1
+1.771E-1
+1.787E-1
+1.786E-1
+1.776E-1
+1.872E-1
+1.794E-1
+1.813E-1
+1.785E-1
+1.787E-1
+1.783E-1
+1.768E-1
+1.792E-1
+1.786E-1
+1.810E-1
+1.763E-1
+1.762E-1
+1.762E-1
+1.745E-1
+1.758E-1
+1.758E-1
+1.745E-1
+1.753E-1
+1.757E-1
+1.747E-1
+1.749E-1
+1.756E-1
+1.745E-1
+1.748E-1
+1.757E-1
+1.745E-1
+1.743E-1
+1.747E-1
+1.758E-1
+1.750E-1
+1.746E-1
+1.768E-1
+1.753E-1
+1.745E-1
+1.764E-1
+1.749E-1
+1.746E-1
+1.755E-1
+1.750E-1
+1.742E-1
+1.949E-1
+2.320E-1
+3.510E-1
+3.193E-1
+3.380E-1
+3.725E-1
+3.710E-1
+3.689E-1
+3.618E-1
+3.582E-1
+3.714E-1
+3.707E-1
+3.616E-1
+3.646E-1
+3.639E-1
